<?xml version="1.0" encoding="UTF-8"?>
<testsuite name="ch.quadrrem.hypocalc.MortgageTest" tests="3" skipped="0" failures="0" errors="0" timestamp="2022-01-10T20:35:10" hostname="pop-os" time="0.101">
  <properties/>
  <testcase name="mortgage for 0.5 Mio - no second mortgage" classname="ch.quadrrem.hypocalc.MortgageTest" time="0.085"/>
  <testcase name="mortgage for 1. Mio" classname="ch.quadrrem.hypocalc.MortgageTest" time="0.008"/>
  <testcase name="mortgage for 2 Mio - fails for too high mortgage" classname="ch.quadrrem.hypocalc.MortgageTest" time="0.004"/>
  <system-out><![CDATA[]]></system-out>
  <system-err><![CDATA[Jan 10, 2022 9:35:10 PM org.javamoney.moneta.DefaultMonetaryContextFactory createMonetaryContextNonNullConfig
INFO: Using custom MathContext: precision=256, roundingMode=HALF_EVEN
Jan 10, 2022 9:35:10 PM org.javamoney.moneta.Money defaultFormat
INFO: Using default formatter for toString().
Jan 10, 2022 9:35:10 PM org.javamoney.moneta.Money defaultFormat
INFO: Using default formatter for toString().
Jan 10, 2022 9:35:10 PM org.javamoney.moneta.Money defaultFormat
INFO: Using default formatter for toString().
Jan 10, 2022 9:35:10 PM org.javamoney.moneta.Money defaultFormat
INFO: Using default formatter for toString().
Jan 10, 2022 9:35:10 PM org.javamoney.moneta.Money defaultFormat
INFO: Using default formatter for toString().
Jan 10, 2022 9:35:10 PM org.javamoney.moneta.Money defaultFormat
INFO: Using default formatter for toString().
Jan 10, 2022 9:35:10 PM org.javamoney.moneta.Money defaultFormat
INFO: Using default formatter for toString().
Jan 10, 2022 9:35:10 PM org.javamoney.moneta.Money defaultFormat
INFO: Using default formatter for toString().
Jan 10, 2022 9:35:11 PM org.javamoney.moneta.Money defaultFormat
INFO: Using default formatter for toString().
Jan 10, 2022 9:35:11 PM org.javamoney.moneta.Money defaultFormat
INFO: Using default formatter for toString().
]]></system-err>
</testsuite>
